<?xml version="1.0" encoding="UTF-8"?>
<testsuite xmlns:xsi="http://www.w3.org/2001/XMLSchema-instance" xsi:noNamespaceSchemaLocation="https://maven.apache.org/surefire/maven-surefire-plugin/xsd/surefire-test-report.xsd" version="3.0.2" name="ru.in28minutes.microservices.limits_service.LimitsServiceApplicationTests" time="4.876" tests="1" errors="0" skipped="0" failures="0">
  <properties>
[...]
</properties>
  <testcase name="contextLoads" classname="ru.in28minutes.microservices.limits_service.LimitsServiceApplicationTests" time="0.935">
    <system-out><![CDATA[13:52:11.528 [main] INFO org.springframework.test.context.support.AnnotationConfigContextLoaderUtils -- Could not detect default configuration classes for test class [ru.in28minutes.microservices.limits_service.LimitsServiceApplicationTests]: LimitsServiceApplicationTests does not declare any static, non-private, non-final, nested classes annotated with @Configuration.
13:52:11.683 [main] INFO org.springframework.boot.test.context.SpringBootTestContextBootstrapper -- Found @SpringBootConfiguration ru.in28minutes.microservices.limits_service.LimitsServiceApplication for test class ru.in28minutes.microservices.limits_service.LimitsServiceApplicationTests
13:52:12.125 [main] INFO org.springframework.boot.devtools.restart.RestartApplicationListener -- Restart disabled due to context in which it is running

  .   ____          _            __ _ _
 /\\ / ___'_ __ _ _(_)_ __  __ _ \ \ \ \
( ( )\___ | '_ | '_| | '_ \/ _` | \ \ \ \
 \\/  ___)| |_)| | | | | || (_| |  ) ) ) )
  '  |____| .__|_| |_|_| |_\__, | / / / /
 =========|_|==============|___/=/_/_/_/

 :: Spring Boot ::                (v3.4.5)

2025-05-03T13:52:13.227+03:00  INFO 19552 --- [limits-service] [           main] r.i.m.l.LimitsServiceApplicationTests    : Starting LimitsServiceApplicationTests using Java 17.0.15 with PID 19552 (started by pavel in C:\Users\pavel\Desktop\RESTful-project\limits-service)
2025-05-03T13:52:13.230+03:00  INFO 19552 --- [limits-service] [           main] r.i.m.l.LimitsServiceApplicationTests    : The following 1 profile is active: "dev"
2025-05-03T13:52:13.267+03:00  INFO 19552 --- [limits-service] [           main] o.s.c.c.c.ConfigServerConfigDataLoader   : Fetching config from server at : http://localhost:8888
2025-05-03T13:52:13.267+03:00  INFO 19552 --- [limits-service] [           main] o.s.c.c.c.ConfigServerConfigDataLoader   : Exception on Url - http://localhost:8888:org.springframework.web.client.ResourceAccessException: I/O error on GET request for "http://localhost:8888/limits-service/default": Connection refused: getsockopt. Will be trying the next url if available
2025-05-03T13:52:13.268+03:00  WARN 19552 --- [limits-service] [           main] o.s.c.c.c.ConfigServerConfigDataLoader   : Could not locate PropertySource ([ConfigServerConfigDataResource@422b8438 uris = array<String>['http://localhost:8888'], optional = true, profiles = 'default']): I/O error on GET request for "http://localhost:8888/limits-service/default": Connection refused: getsockopt
2025-05-03T13:52:13.268+03:00  INFO 19552 --- [limits-service] [           main] o.s.c.c.c.ConfigServerConfigDataLoader   : Fetching config from server at : http://localhost:8888
2025-05-03T13:52:13.268+03:00  INFO 19552 --- [limits-service] [           main] o.s.c.c.c.ConfigServerConfigDataLoader   : Exception on Url - http://localhost:8888:org.springframework.web.client.ResourceAccessException: I/O error on GET request for "http://localhost:8888/limits-service/dev": Connection refused: getsockopt. Will be trying the next url if available
2025-05-03T13:52:13.268+03:00  WARN 19552 --- [limits-service] [           main] o.s.c.c.c.ConfigServerConfigDataLoader   : Could not locate PropertySource ([ConfigServerConfigDataResource@bdd2027 uris = array<String>['http://localhost:8888'], optional = true, profiles = 'dev']): I/O error on GET request for "http://localhost:8888/limits-service/dev": Connection refused: getsockopt
2025-05-03T13:52:13.269+03:00  INFO 19552 --- [limits-service] [           main] o.s.c.c.c.ConfigServerConfigDataLoader   : Fetching config from server at : http://localhost:8888
2025-05-03T13:52:13.269+03:00  INFO 19552 --- [limits-service] [           main] o.s.c.c.c.ConfigServerConfigDataLoader   : Exception on Url - http://localhost:8888:org.springframework.web.client.ResourceAccessException: I/O error on GET request for "http://localhost:8888/limits-service/default": Connection refused: getsockopt. Will be trying the next url if available
2025-05-03T13:52:13.269+03:00  WARN 19552 --- [limits-service] [           main] o.s.c.c.c.ConfigServerConfigDataLoader   : Could not locate PropertySource ([ConfigServerConfigDataResource@31f20c9f uris = array<String>['http://localhost:8888'], optional = true, profiles = 'default']): I/O error on GET request for "http://localhost:8888/limits-service/default": Connection refused: getsockopt
2025-05-03T13:52:14.129+03:00  INFO 19552 --- [limits-service] [           main] o.s.cloud.context.scope.GenericScope     : BeanFactory id=f9bb7605-2442-3801-a945-3abb5ee5e82d
2025-05-03T13:52:15.191+03:00  INFO 19552 --- [limits-service] [           main] o.s.b.a.e.web.EndpointLinksResolver      : Exposing 1 endpoint beneath base path '/actuator'
2025-05-03T13:52:15.258+03:00  INFO 19552 --- [limits-service] [           main] r.i.m.l.LimitsServiceApplicationTests    : Started LimitsServiceApplicationTests in 3.153 seconds (process running for 4.514)
]]></system-out>
  </testcase>
</testsuite>