<?xml version="1.0" encoding="UTF-8"?>
<testsuite xmlns:xsi="http://www.w3.org/2001/XMLSchema-instance" xsi:noNamespaceSchemaLocation="https://maven.apache.org/surefire/maven-surefire-plugin/xsd/surefire-test-report.xsd" version="3.0.2" name="ru.in28minutes.microservices.spring_cloud_config_server.SpringCloudConfigServerApplicationTests" time="6.847" tests="1" errors="0" skipped="0" failures="0">
  <properties>
[...]
</properties>
  <testcase name="contextLoads" classname="ru.in28minutes.microservices.spring_cloud_config_server.SpringCloudConfigServerApplicationTests" time="1.541">
    <system-out><![CDATA[21:27:29.337 [main] INFO org.springframework.test.context.support.AnnotationConfigContextLoaderUtils -- Could not detect default configuration classes for test class [ru.in28minutes.microservices.spring_cloud_config_server.SpringCloudConfigServerApplicationTests]: SpringCloudConfigServerApplicationTests does not declare any static, non-private, non-final, nested classes annotated with @Configuration.
21:27:29.490 [main] INFO org.springframework.boot.test.context.SpringBootTestContextBootstrapper -- Found @SpringBootConfiguration ru.in28minutes.microservices.spring_cloud_config_server.SpringCloudConfigServerApplication for test class ru.in28minutes.microservices.spring_cloud_config_server.SpringCloudConfigServerApplicationTests
21:27:29.928 [main] INFO org.springframework.boot.devtools.restart.RestartApplicationListener -- Restart disabled due to context in which it is running

  .   ____          _            __ _ _
 /\\ / ___'_ __ _ _(_)_ __  __ _ \ \ \ \
( ( )\___ | '_ | '_| | '_ \/ _` | \ \ \ \
 \\/  ___)| |_)| | | | | || (_| |  ) ) ) )
  '  |____| .__|_| |_|_| |_\__, | / / / /
 =========|_|==============|___/=/_/_/_/

 :: Spring Boot ::                (v3.4.5)

2025-05-03T21:27:30.568+03:00  INFO 20092 --- [spring-cloud-config-server] [           main] .SpringCloudConfigServerApplicationTests : Starting SpringCloudConfigServerApplicationTests using Java 17.0.15 with PID 20092 (started by pavel in C:\Users\pavel\Desktop\RESTful-project\spring-cloud-config-server)
2025-05-03T21:27:30.570+03:00  INFO 20092 --- [spring-cloud-config-server] [           main] .SpringCloudConfigServerApplicationTests : No active profile set, falling back to 1 default profile: "default"
2025-05-03T21:27:31.703+03:00  INFO 20092 --- [spring-cloud-config-server] [           main] o.s.cloud.context.scope.GenericScope     : BeanFactory id=9c22dcbc-0e46-348a-9d0a-42c9688f0f7e
2025-05-03T21:27:34.309+03:00  INFO 20092 --- [spring-cloud-config-server] [           main] .SpringCloudConfigServerApplicationTests : Started SpringCloudConfigServerApplicationTests in 4.404 seconds (process running for 6.068)
]]></system-out>
  </testcase>
</testsuite>